#
# An unexpected error has been detected by Java Runtime Environment:
#
#  EXCEPTION_ACCESS_VIOLATION (0xc0000005) at pc=0x6d868118, pid=2204, tid=2216
#
# Java VM: Java HotSpot(TM) Client VM (1.6.0-b105 mixed mode, sharing)
# Problematic frame:
# V  [jvm.dll+0xa8118]
#
# If you would like to submit a bug report, please visit:
#   http://java.sun.com/webapps/bugreport/crash.jsp
#

---------------  T H R E A D  ---------------

Current thread (0x00c34000):  VMThread [id=2216]

siginfo: ExceptionCode=0xc0000005, reading address 0x00000800

Registers:
EAX=0x00000800, EBX=0x22f4a134, ECX=0x03f0cb40, EDX=0x00000384
ESP=0x00f1f998, EBP=0x2b1a8f7c, ESI=0x22f4a130, EDI=0x2b1a8f78
EIP=0x6d868118, EFLAGS=0x00010206

Top of Stack: (sp=0x00f1f998)
0x00f1f998:   00a08848 00000009 22f4a120 22e40000
0x00f1f9a8:   6d8f6398 22f4a120 22f40880 22f3f504
0x00f1f9b8:   6d903a5b 00000003 6d9c6b3c 6d9c6b3c
0x00f1f9c8:   6d8f607a 22f3f078 6d8f645a 00000003
0x00f1f9d8:   6d961012 6d9e0f28 6d9c6b3c 00a08848
0x00f1f9e8:   00a08848 6d92abba 6d9c6b3c 00000000
0x00f1f9f8:   6d9c6b3c 6d9c6b3c 6d85c121 00000001
0x00f1fa08:   00000002 6d9c6b3c 6d9c6b3c 00a0a748 

Instructions: (pc=0x6d868118)
0x6d868108:   b7 4f 02 8d 1c 8e 3b f3 73 20 8b 06 85 c0 74 13
0x6d868118:   8b 10 83 e2 03 80 fa 03 74 09 56 e8 78 e2 08 00 


Stack: [0x00d20000,0x00f20000),  sp=0x00f1f998,  free space=2046k
Native frames: (J=compiled Java code, j=interpreted, Vv=VM code, C=native code)
V  [jvm.dll+0xa8118]

VM_Operation (0x05f0f160): generation collection for allocation, mode: safepoint, requested by thread 0x03e76800


---------------  P R O C E S S  ---------------

Java Threads: ( => current thread )
  0x04960c00 JavaThread "vm-event-handler" [_thread_blocked, id=2576]
  0x03f31800 JavaThread "JDI Target VM Interface" daemon [_thread_blocked, id=2572]
  0x03fd7800 JavaThread "JDI Internal Event Handler" daemon [_thread_blocked, id=2568]
  0x03f14800 JavaThread "BlueJ I/O Handler" [_thread_blocked, id=2544]
  0x03f14000 JavaThread "BlueJ I/O Handler" [_thread_in_native, id=2540]
  0x0496b800 JavaThread "BlueJ I/O Handler" [_thread_in_native, id=2536]
  0x03e76800 JavaThread "BlueJ compiler thread" [_thread_blocked, id=2380]
  0x03e1b000 JavaThread "Thread-4" [_thread_blocked, id=2312]
  0x00cf2800 JavaThread "TimerQueue" daemon [_thread_blocked, id=2284]
  0x03e11400 JavaThread "AWT-EventQueue-0" [_thread_blocked, id=2260]
  0x03e58400 JavaThread "AWT-Windows" daemon [_thread_blocked, id=2256]
  0x03e57800 JavaThread "AWT-Shutdown" [_thread_blocked, id=2252]
  0x03e10800 JavaThread "Java2D Disposer" daemon [_thread_blocked, id=2248]
  0x00c4d000 JavaThread "Low Memory Detector" daemon [_thread_blocked, id=2240]
  0x00c48000 JavaThread "CompilerThread0" daemon [_thread_blocked, id=2236]
  0x00c47000 JavaThread "Attach Listener" daemon [_thread_blocked, id=2232]
  0x00c46000 JavaThread "Signal Dispatcher" daemon [_thread_blocked, id=2228]
  0x00c41800 JavaThread "Finalizer" daemon [_thread_blocked, id=2224]
  0x00c3d400 JavaThread "Reference Handler" daemon [_thread_blocked, id=2220]
  0x00a06000 JavaThread "main" [_thread_blocked, id=2208]

Other Threads:
=>0x00c34000 VMThread [id=2216]
  0x00c4e400 WatcherThread [id=2244]

VM state:at safepoint (normal execution)

VM Mutex/Monitor currently owned by a thread:  ([mutex/lock_event])
[0x00a04bf8/0x00000100] Threads_lock - owner thread: 0x00c34000
[0x00a04d98/0x00000140] Heap_lock - owner thread: 0x03e76800

Heap
 def new generation   total 1152K, used 128K [0x22960000, 0x22aa0000, 0x22e40000)
  eden space 1024K,   0% used [0x22960000, 0x22960000, 0x22a60000)
  from space 128K, 100% used [0x22a80000, 0x22aa0000, 0x22aa0000)
  to   space 128K,   0% used [0x22a60000, 0x22a60000, 0x22a80000)
 tenured generation   total 15104K, used 15067K [0x22e40000, 0x23d00000, 0x26960000)
   the space 15104K,  99% used [0x22e40000, 0x23cf6cd8, 0x23cf6e00, 0x23d00000)
 compacting perm gen  total 12288K, used 7019K [0x26960000, 0x27560000, 0x2a960000)
   the space 12288K,  57% used [0x26960000, 0x2703ac90, 0x2703ae00, 0x27560000)
    ro space 8192K,  66% used [0x2a960000, 0x2aea9920, 0x2aea9a00, 0x2b160000)
    rw space 12288K,  52% used [0x2b160000, 0x2b7a6130, 0x2b7a6200, 0x2bd60000)

Dynamic libraries:
0x00400000 - 0x00494000 	C:\Program Files\BlueJ\BlueJ.exe
0x7c900000 - 0x7c9b0000 	C:\WINDOWS\system32\ntdll.dll
0x7c800000 - 0x7c8f4000 	C:\WINDOWS\system32\kernel32.dll
0x77dd0000 - 0x77e6b000 	C:\WINDOWS\system32\ADVAPI32.DLL
0x77e70000 - 0x77f01000 	C:\WINDOWS\system32\RPCRT4.dll
0x763b0000 - 0x763f9000 	C:\WINDOWS\system32\COMDLG32.DLL
0x77f60000 - 0x77fd6000 	C:\WINDOWS\system32\SHLWAPI.dll
0x77c10000 - 0x77c68000 	C:\WINDOWS\system32\msvcrt.dll
0x77f10000 - 0x77f56000 	C:\WINDOWS\system32\GDI32.dll
0x77d40000 - 0x77dd0000 	C:\WINDOWS\system32\USER32.dll
0x5d090000 - 0x5d127000 	C:\WINDOWS\system32\COMCTL32.dll
0x7c9c0000 - 0x7d1d4000 	C:\WINDOWS\system32\SHELL32.dll
0x77c00000 - 0x77c08000 	C:\WINDOWS\system32\VERSION.dll
0x773d0000 - 0x774d2000 	C:\WINDOWS\WinSxS\x86_Microsoft.Windows.Common-Controls_6595b64144ccf1df_6.0.2600.2180_x-ww_a84f1ff9\comctl32.dll
0x6d7c0000 - 0x6da07000 	C:\Program Files\Java\jdk1.6.0\jre\bin\client\jvm.dll
0x76b40000 - 0x76b6d000 	C:\WINDOWS\system32\WINMM.dll
0x7c340000 - 0x7c396000 	C:\Program Files\Java\jdk1.6.0\jre\bin\MSVCR71.dll
0x6d310000 - 0x6d318000 	C:\Program Files\Java\jdk1.6.0\jre\bin\hpi.dll
0x76bf0000 - 0x76bfb000 	C:\WINDOWS\system32\PSAPI.DLL
0x6d770000 - 0x6d77c000 	C:\Program Files\Java\jdk1.6.0\jre\bin\verify.dll
0x6d3b0000 - 0x6d3cf000 	C:\Program Files\Java\jdk1.6.0\jre\bin\java.dll
0x6d7b0000 - 0x6d7bf000 	C:\Program Files\Java\jdk1.6.0\jre\bin\zip.dll
0x6d000000 - 0x6d1c3000 	C:\Program Files\Java\jdk1.6.0\jre\bin\awt.dll
0x73000000 - 0x73026000 	C:\WINDOWS\system32\WINSPOOL.DRV
0x76390000 - 0x763ad000 	C:\WINDOWS\system32\IMM32.dll
0x774e0000 - 0x7761c000 	C:\WINDOWS\system32\ole32.dll
0x6d1f0000 - 0x6d21f000 	C:\Program Files\Java\jdk1.6.0\jre\bin\cmm.dll
0x6d450000 - 0x6d474000 	C:\Program Files\Java\jdk1.6.0\jre\bin\jpeg.dll
0x5ad70000 - 0x5ada8000 	C:\WINDOWS\system32\uxtheme.dll
0x73760000 - 0x737a9000 	C:\WINDOWS\system32\ddraw.dll
0x73bc0000 - 0x73bc6000 	C:\WINDOWS\system32\DCIMAN32.dll
0x6d2b0000 - 0x6d303000 	C:\Program Files\Java\jdk1.6.0\jre\bin\fontmanager.dll
0x74720000 - 0x7476b000 	C:\WINDOWS\system32\MSCTF.dll
0x6d570000 - 0x6d583000 	C:\Program Files\Java\jdk1.6.0\jre\bin\net.dll
0x71ab0000 - 0x71ac7000 	C:\WINDOWS\system32\WS2_32.dll
0x71aa0000 - 0x71aa8000 	C:\WINDOWS\system32\WS2HELP.dll
0x6d590000 - 0x6d599000 	C:\Program Files\Java\jdk1.6.0\jre\bin\nio.dll
0x71a50000 - 0x71a8f000 	C:\WINDOWS\System32\mswsock.dll
0x76f20000 - 0x76f47000 	C:\WINDOWS\system32\DNSAPI.dll
0x76fb0000 - 0x76fb8000 	C:\WINDOWS\System32\winrnr.dll
0x76f60000 - 0x76f8c000 	C:\WINDOWS\system32\WLDAP32.dll
0x76fc0000 - 0x76fc6000 	C:\WINDOWS\system32\rasadhlp.dll
0x662b0000 - 0x66308000 	C:\WINDOWS\system32\hnetcfg.dll
0x71a90000 - 0x71a98000 	C:\WINDOWS\System32\wshtcpip.dll
0x6d270000 - 0x6d278000 	C:\Program Files\Java\jdk1.6.0\jre\bin\dt_shmem.dll
0x6d220000 - 0x6d243000 	C:\Program Files\Java\jdk1.6.0\jre\bin\dcpr.dll
0x77b40000 - 0x77b62000 	C:\WINDOWS\system32\Apphelp.dll

VM Arguments:
java_command: <unknown>
Launcher Type: generic

Environment Variables:
PATH=C:\WINDOWS\system32;C:\WINDOWS;C:\WINDOWS\System32\Wbem
USERNAME=Administrator
OS=Windows_NT
PROCESSOR_IDENTIFIER=x86 Family 15 Model 4 Stepping 9, GenuineIntel



---------------  S Y S T E M  ---------------

OS: Windows XP Build 2600 Service Pack 2

CPU:total 1 family 15, cmov, cx8, fxsr, mmx, sse, sse2

Memory: 4k page, physical 253424k(7344k free), swap 619028k(166252k free)

vm_info: Java HotSpot(TM) Client VM (1.6.0-b105) for windows-x86, built on Nov 29 2006 00:48:48 by "java_re" with unknown MS VC++:1310

